C:\Users\Jw Villawood\Desktop\ArupClientTest\CandidateSearchApi\CandidateSearchApi\Angular\dist\out-tsc\src\app\app-routing.module.js
C:\Users\Jw Villawood\Desktop\ArupClientTest\CandidateSearchApi\CandidateSearchApi\Angular\dist\out-tsc\src\app\app-routing.module.js.map
C:\Users\Jw Villawood\Desktop\ArupClientTest\CandidateSearchApi\CandidateSearchApi\Angular\dist\out-tsc\src\app\core\models\Candidate.mode.js
C:\Users\Jw Villawood\Desktop\ArupClientTest\CandidateSearchApi\CandidateSearchApi\Angular\dist\out-tsc\src\app\core\models\Candidate.mode.js.map
C:\Users\Jw Villawood\Desktop\ArupClientTest\CandidateSearchApi\CandidateSearchApi\Angular\dist\out-tsc\src\app\candidate-services.service.js
C:\Users\Jw Villawood\Desktop\ArupClientTest\CandidateSearchApi\CandidateSearchApi\Angular\dist\out-tsc\src\app\candidate-services.service.js.map
C:\Users\Jw Villawood\Desktop\ArupClientTest\CandidateSearchApi\CandidateSearchApi\Angular\dist\out-tsc\src\app\app.component.js
C:\Users\Jw Villawood\Desktop\ArupClientTest\CandidateSearchApi\CandidateSearchApi\Angular\dist\out-tsc\src\app\app.component.js.map
C:\Users\Jw Villawood\Desktop\ArupClientTest\CandidateSearchApi\CandidateSearchApi\Angular\dist\out-tsc\src\app\app.module.js
C:\Users\Jw Villawood\Desktop\ArupClientTest\CandidateSearchApi\CandidateSearchApi\Angular\dist\out-tsc\src\app\app.module.js.map
C:\Users\Jw Villawood\Desktop\ArupClientTest\CandidateSearchApi\CandidateSearchApi\Angular\dist\out-tsc\src\environments\environment.js
C:\Users\Jw Villawood\Desktop\ArupClientTest\CandidateSearchApi\CandidateSearchApi\Angular\dist\out-tsc\src\environments\environment.js.map
C:\Users\Jw Villawood\Desktop\ArupClientTest\CandidateSearchApi\CandidateSearchApi\Angular\dist\out-tsc\src\main.js
C:\Users\Jw Villawood\Desktop\ArupClientTest\CandidateSearchApi\CandidateSearchApi\Angular\dist\out-tsc\src\main.js.map
C:\Users\Jw Villawood\Desktop\ArupClientTest\CandidateSearchApi\CandidateSearchApi\Angular\dist\out-tsc\src\polyfills.js
C:\Users\Jw Villawood\Desktop\ArupClientTest\CandidateSearchApi\CandidateSearchApi\Angular\dist\out-tsc\src\polyfills.js.map
C:\Users\Jw Villawood\Desktop\ArupClientTest\CandidateSearchApi\CandidateSearchApi\Angular\dist\out-tsc\src\test.js
C:\Users\Jw Villawood\Desktop\ArupClientTest\CandidateSearchApi\CandidateSearchApi\Angular\dist\out-tsc\src\test.js.map
C:\Users\Jw Villawood\Desktop\ArupClientTest\CandidateSearchApi\CandidateSearchApi\Angular\dist\out-tsc\e2e\src\app.po.js
C:\Users\Jw Villawood\Desktop\ArupClientTest\CandidateSearchApi\CandidateSearchApi\Angular\dist\out-tsc\e2e\src\app.po.js.map
C:\Users\Jw Villawood\Desktop\ArupClientTest\CandidateSearchApi\CandidateSearchApi\Angular\dist\out-tsc\e2e\src\app.e2e-spec.js
C:\Users\Jw Villawood\Desktop\ArupClientTest\CandidateSearchApi\CandidateSearchApi\Angular\dist\out-tsc\e2e\src\app.e2e-spec.js.map
C:\Users\Jw Villawood\Desktop\ArupClientTest\CandidateSearchApi\CandidateSearchApi\Angular\dist\out-tsc\src\app\app.component.spec.js
C:\Users\Jw Villawood\Desktop\ArupClientTest\CandidateSearchApi\CandidateSearchApi\Angular\dist\out-tsc\src\app\app.component.spec.js.map
C:\Users\Jw Villawood\Desktop\ArupClientTest\CandidateSearchApi\CandidateSearchApi\Angular\dist\out-tsc\src\app\candidate-services.service.spec.js
C:\Users\Jw Villawood\Desktop\ArupClientTest\CandidateSearchApi\CandidateSearchApi\Angular\dist\out-tsc\src\app\candidate-services.service.spec.js.map
C:\Users\Jw Villawood\Desktop\ArupClientTest\CandidateSearchApi\CandidateSearchApi\Angular\dist\out-tsc\src\environments\environment.prod.js
C:\Users\Jw Villawood\Desktop\ArupClientTest\CandidateSearchApi\CandidateSearchApi\Angular\dist\out-tsc\src\environments\environment.prod.js.map
C:\Users\Jw Villawood\Desktop\ArupClientTest\CandidateSearchApi\CandidateSearchApi\Angular\dist\out-tsc\src\app\list-user\list-user.component.js
C:\Users\Jw Villawood\Desktop\ArupClientTest\CandidateSearchApi\CandidateSearchApi\Angular\dist\out-tsc\src\app\list-user\list-user.component.js.map
C:\Users\Jw Villawood\Desktop\ArupClientTest\CandidateSearchApi\CandidateSearchApi\Angular\dist\out-tsc\src\app\list-user\list-user.component.spec.js
C:\Users\Jw Villawood\Desktop\ArupClientTest\CandidateSearchApi\CandidateSearchApi\Angular\dist\out-tsc\src\app\list-user\list-user.component.spec.js.map
